{"type":"game","event":"round_start","crashMultiplier":5.31,"ts":"2025-05-10T07:45:13.620Z"}
{"type":"server","event":"start","port":3000,"ts":"2025-05-10T07:45:13.623Z"}
{"type":"http","userId":1,"method":"GET","url":"/","ip":"::1","ts":"2025-05-10T07:45:15.180Z"}
{"type":"http","userId":1,"method":"GET","url":"/style.css","ip":"::1","ts":"2025-05-10T07:45:15.205Z"}
{"type":"http","userId":1,"method":"GET","url":"/main.js","ip":"::1","ts":"2025-05-10T07:45:15.206Z"}
{"type":"http","userId":1,"method":"GET","url":"/main.js","ip":"::1","ts":"2025-05-10T07:45:15.218Z"}
{"type":"http","userId":1,"method":"GET","url":"/images/plane.svg","ip":"::1","ts":"2025-05-10T07:45:15.233Z"}
{"type":"socket","event":"connect","userId":1,"socketId":"0k18-3NsRjLSxJGgAAAB","ts":"2025-05-10T07:45:15.253Z"}
{"type":"http","userId":1,"method":"GET","url":"/api/balance","ip":"::1","ts":"2025-05-10T07:45:15.257Z"}
{"type":"api","route":"/api/balance [GET]","userId":1,"ts":"2025-05-10T07:45:15.258Z"}
{"type":"game","event":"round_crash","crashMultiplier":5.31,"ts":"2025-05-10T07:45:35.181Z"}
{"type":"game","event":"round_start","crashMultiplier":8.37,"ts":"2025-05-10T07:45:40.194Z"}
{"type":"http","userId":1,"method":"POST","url":"/api/deposit","ip":"::1","ts":"2025-05-10T07:45:40.207Z"}
{"type":"api","route":"/api/deposit [POST]","userId":1,"body":{"amount":-1},"ts":"2025-05-10T07:45:40.207Z"}
{"type":"http","userId":1,"method":"GET","url":"/api/balance","ip":"::1","ts":"2025-05-10T07:45:40.208Z"}
{"type":"api","route":"/api/balance [GET]","userId":1,"ts":"2025-05-10T07:45:40.208Z"}
{"type":"http","userId":1,"method":"GET","url":"/api/balance","ip":"::1","ts":"2025-05-10T07:45:40.216Z"}
{"type":"api","route":"/api/balance [GET]","userId":1,"ts":"2025-05-10T07:45:40.216Z"}
{"type":"http","userId":1,"method":"POST","url":"/api/deposit","ip":"::1","ts":"2025-05-10T07:45:45.198Z"}
{"type":"api","route":"/api/deposit [POST]","userId":1,"body":{"amount":0.9998999999998879},"ts":"2025-05-10T07:45:45.198Z"}
{"type":"http","userId":1,"method":"GET","url":"/api/balance","ip":"::1","ts":"2025-05-10T07:45:45.204Z"}
{"type":"api","route":"/api/balance [GET]","userId":1,"ts":"2025-05-10T07:45:45.204Z"}
{"type":"game","event":"round_crash","crashMultiplier":8.37,"ts":"2025-05-10T07:46:17.052Z"}
{"type":"game","event":"round_start","crashMultiplier":8.54,"ts":"2025-05-10T07:46:22.056Z"}
{"type":"http","userId":1,"method":"POST","url":"/api/deposit","ip":"::1","ts":"2025-05-10T07:46:22.061Z"}
{"type":"api","route":"/api/deposit [POST]","userId":1,"body":{"amount":-1},"ts":"2025-05-10T07:46:22.061Z"}
{"type":"http","userId":1,"method":"GET","url":"/api/balance","ip":"::1","ts":"2025-05-10T07:46:22.061Z"}
{"type":"api","route":"/api/balance [GET]","userId":1,"ts":"2025-05-10T07:46:22.061Z"}
{"type":"http","userId":1,"method":"GET","url":"/api/balance","ip":"::1","ts":"2025-05-10T07:46:22.070Z"}
{"type":"api","route":"/api/balance [GET]","userId":1,"ts":"2025-05-10T07:46:22.070Z"}
{"type":"http","userId":1,"method":"POST","url":"/api/deposit","ip":"::1","ts":"2025-05-10T07:46:27.065Z"}
{"type":"api","route":"/api/deposit [POST]","userId":1,"body":{"amount":0.9998999999999243},"ts":"2025-05-10T07:46:27.065Z"}
{"type":"http","userId":1,"method":"GET","url":"/api/balance","ip":"::1","ts":"2025-05-10T07:46:27.071Z"}
{"type":"api","route":"/api/balance [GET]","userId":1,"ts":"2025-05-10T07:46:27.071Z"}
{"type":"socket","event":"disconnect","userId":1,"socketId":"0k18-3NsRjLSxJGgAAAB","ts":"2025-05-10T07:46:28.768Z"}
{"type":"game","event":"round_start","crashMultiplier":1.39,"ts":"2025-05-10T18:15:55.186Z"}
{"type":"server","event":"start","port":3000,"ts":"2025-05-10T18:15:55.197Z"}
{"type":"http","userId":1,"method":"GET","url":"/","ip":"::1","ts":"2025-05-10T18:15:56.864Z"}
{"type":"http","userId":1,"method":"GET","url":"/style.css","ip":"::1","ts":"2025-05-10T18:15:56.891Z"}
{"type":"http","userId":1,"method":"GET","url":"/main.js","ip":"::1","ts":"2025-05-10T18:15:56.892Z"}
{"type":"http","userId":1,"method":"GET","url":"/main.js","ip":"::1","ts":"2025-05-10T18:15:56.905Z"}
{"type":"http","userId":1,"method":"GET","url":"/images/plane.svg","ip":"::1","ts":"2025-05-10T18:15:57.070Z"}
{"type":"socket","event":"connect","userId":1,"socketId":"RxKUuuFKJ-oRtj_0AAAB","ts":"2025-05-10T18:15:57.083Z"}
{"type":"http","userId":1,"method":"GET","url":"/api/balance","ip":"::1","ts":"2025-05-10T18:15:57.091Z"}
{"type":"api","route":"/api/balance [GET]","userId":1,"ts":"2025-05-10T18:15:57.092Z"}
{"type":"http","userId":1,"method":"GET","url":"/favicon.ico","ip":"::1","ts":"2025-05-10T18:15:57.117Z"}
{"type":"game","event":"round_crash","crashMultiplier":1.39,"ts":"2025-05-10T18:15:57.151Z"}
{"type":"game","event":"round_start","crashMultiplier":8.83,"ts":"2025-05-10T18:16:02.163Z"}
{"type":"http","userId":1,"method":"POST","url":"/api/deposit","ip":"::1","ts":"2025-05-10T18:16:02.181Z"}
{"type":"api","route":"/api/deposit [POST]","userId":1,"body":{"amount":-1},"ts":"2025-05-10T18:16:02.182Z"}
{"type":"http","userId":1,"method":"GET","url":"/api/balance","ip":"::1","ts":"2025-05-10T18:16:02.182Z"}
{"type":"api","route":"/api/balance [GET]","userId":1,"ts":"2025-05-10T18:16:02.182Z"}
{"type":"http","userId":1,"method":"GET","url":"/api/balance","ip":"::1","ts":"2025-05-10T18:16:02.190Z"}
{"type":"api","route":"/api/balance [GET]","userId":1,"ts":"2025-05-10T18:16:02.190Z"}
{"type":"http","userId":1,"method":"POST","url":"/api/deposit","ip":"::1","ts":"2025-05-10T18:16:07.179Z"}
{"type":"api","route":"/api/deposit [POST]","userId":1,"body":{"amount":1.0006667999997765},"ts":"2025-05-10T18:16:07.179Z"}
{"type":"http","userId":1,"method":"GET","url":"/api/balance","ip":"::1","ts":"2025-05-10T18:16:07.185Z"}
{"type":"api","route":"/api/balance [GET]","userId":1,"ts":"2025-05-10T18:16:07.185Z"}
{"type":"game","event":"round_crash","crashMultiplier":8.83,"ts":"2025-05-10T18:16:41.321Z"}
{"type":"game","event":"round_start","crashMultiplier":3.72,"ts":"2025-05-10T18:16:46.329Z"}
{"type":"http","userId":1,"method":"POST","url":"/api/deposit","ip":"::1","ts":"2025-05-10T18:16:46.334Z"}
{"type":"api","route":"/api/deposit [POST]","userId":1,"body":{"amount":-1},"ts":"2025-05-10T18:16:46.334Z"}
{"type":"http","userId":1,"method":"GET","url":"/api/balance","ip":"::1","ts":"2025-05-10T18:16:46.334Z"}
{"type":"api","route":"/api/balance [GET]","userId":1,"ts":"2025-05-10T18:16:46.334Z"}
{"type":"http","userId":1,"method":"GET","url":"/api/balance","ip":"::1","ts":"2025-05-10T18:16:46.342Z"}
{"type":"api","route":"/api/balance [GET]","userId":1,"ts":"2025-05-10T18:16:46.343Z"}
{"type":"http","userId":1,"method":"POST","url":"/api/deposit","ip":"::1","ts":"2025-05-10T18:16:51.349Z"}
{"type":"api","route":"/api/deposit [POST]","userId":1,"body":{"amount":1.004193599999776},"ts":"2025-05-10T18:16:51.349Z"}
{"type":"http","userId":1,"method":"GET","url":"/api/balance","ip":"::1","ts":"2025-05-10T18:16:51.354Z"}
{"type":"api","route":"/api/balance [GET]","userId":1,"ts":"2025-05-10T18:16:51.354Z"}
{"type":"game","event":"round_crash","crashMultiplier":3.72,"ts":"2025-05-10T18:16:59.938Z"}
